2025-02-13 13:24:41.545 [info] Extension host with pid 1995 started
2025-02-13 13:24:41.555 [error] Error: EEXIST: file already exists, open '/home/abdelrahman/.vscode-server/data/User/workspaceStorage/641d3ff49787a0a0d68d7045e0ff7978/vscode.lock'
2025-02-13 13:24:41.621 [info] Lock '/home/abdelrahman/.vscode-server/data/User/workspaceStorage/641d3ff49787a0a0d68d7045e0ff7978/vscode.lock': Could not acquire lock, checking if the file is stale.
2025-02-13 13:24:41.654 [info] ExtensionService#_doActivateExtension vscode.emmet, startup: false, activationEvent: 'onLanguage'
2025-02-13 13:24:41.655 [info] ExtensionService#_doActivateExtension vscode.git-base, startup: false, activationEvent: '*', root cause: vscode.git
2025-02-13 13:24:41.829 [info] Lock '/home/abdelrahman/.vscode-server/data/User/workspaceStorage/641d3ff49787a0a0d68d7045e0ff7978/vscode.lock': The pid 2778 appears to be gone.
2025-02-13 13:24:41.829 [info] Lock '/home/abdelrahman/.vscode-server/data/User/workspaceStorage/641d3ff49787a0a0d68d7045e0ff7978/vscode.lock': Deleting a stale lock.
2025-02-13 13:24:41.862 [info] Lock '/home/abdelrahman/.vscode-server/data/User/workspaceStorage/641d3ff49787a0a0d68d7045e0ff7978/vscode.lock': Lock acquired.
2025-02-13 13:24:42.003 [info] ExtensionService#_doActivateExtension vscode.git, startup: false, activationEvent: '*'
2025-02-13 13:24:42.004 [info] ExtensionService#_doActivateExtension vscode.github, startup: false, activationEvent: '*'
2025-02-13 13:24:43.541 [info] Eager extensions activated
2025-02-13 13:24:43.542 [info] ExtensionService#_doActivateExtension vscode.debug-auto-launch, startup: false, activationEvent: 'onStartupFinished'
2025-02-13 13:24:43.542 [info] ExtensionService#_doActivateExtension vscode.merge-conflict, startup: false, activationEvent: 'onStartupFinished'
2025-02-13 13:26:30.705 [info] ExtensionService#_doActivateExtension vscode.npm, startup: false, activationEvent: 'onTerminalQuickFixRequest:ms-vscode.npm-command'
2025-02-13 13:26:35.980 [info] ExtensionService#_doActivateExtension vscode.configuration-editing, startup: false, activationEvent: 'onLanguage:json'
2025-02-13 13:26:35.981 [info] ExtensionService#_doActivateExtension vscode.extension-editing, startup: false, activationEvent: 'onLanguage:json'
2025-02-13 13:26:35.982 [info] ExtensionService#_doActivateExtension vscode.json-language-features, startup: false, activationEvent: 'onLanguage:json'
2025-02-13 14:43:08.360 [info] Extension host terminating: renderer disconnected for too long (2)
2025-02-13 14:43:14.585 [info] Lock '/home/abdelrahman/.vscode-server/data/User/workspaceStorage/641d3ff49787a0a0d68d7045e0ff7978/vscode.lock': Marking the lockfile as scheduled to be released in 6000 ms.
2025-02-13 14:46:12.842 [info] Extension host with pid 1995 exiting with code 0
