2025-02-17 19:10:10.034 [info] Extension host with pid 2175 started
2025-02-17 19:10:11.043 [info] ExtensionService#_doActivateExtension vscode.git-base, startup: false, activationEvent: '*', root cause: vscode.git
2025-02-17 19:10:11.044 [info] ExtensionService#_doActivateExtension vscode.emmet, startup: false, activationEvent: 'onLanguage'
2025-02-17 19:10:11.905 [info] Lock '/home/abdelrahman/.vscode-server/data/User/workspaceStorage/641d3ff49787a0a0d68d7045e0ff7978/vscode.lock': Lock acquired.
2025-02-17 19:10:12.168 [info] ExtensionService#_doActivateExtension vscode.git, startup: false, activationEvent: '*'
2025-02-17 19:10:12.169 [info] ExtensionService#_doActivateExtension vscode.github, startup: false, activationEvent: '*'
2025-02-17 19:10:12.543 [info] Eager extensions activated
2025-02-17 19:10:12.544 [info] ExtensionService#_doActivateExtension vscode.debug-auto-launch, startup: false, activationEvent: 'onStartupFinished'
2025-02-17 19:10:12.544 [info] ExtensionService#_doActivateExtension vscode.merge-conflict, startup: false, activationEvent: 'onStartupFinished'
2025-02-17 19:10:13.240 [info] ExtensionService#_doActivateExtension vscode.php-language-features, startup: false, activationEvent: 'onLanguage:php'
2025-02-17 19:21:27.615 [info] ExtensionService#_doActivateExtension vscode.npm, startup: false, activationEvent: 'onTerminalQuickFixRequest:ms-vscode.npm-command'
2025-02-17 19:21:33.579 [info] ExtensionService#_doActivateExtension vscode.configuration-editing, startup: false, activationEvent: 'onLanguage:json'
2025-02-17 19:21:33.579 [info] ExtensionService#_doActivateExtension vscode.extension-editing, startup: false, activationEvent: 'onLanguage:json'
2025-02-17 19:21:33.580 [info] ExtensionService#_doActivateExtension vscode.json-language-features, startup: false, activationEvent: 'onLanguage:json'
2025-02-17 19:49:51.475 [warning] [Decorations] CAPPING events from decorations provider vscode.git 5539
2025-02-17 19:50:29.181 [error] Error: Cannot call write after a stream was destroyed
	at errorBuffer (node:internal/streams/writable:733:33)
	at afterWrite (node:internal/streams/writable:714:5)
	at onwrite (node:internal/streams/writable:688:7)
	at WriteWrap.onWriteComplete [as oncomplete] (node:internal/stream_base_commons:88:12)
2025-02-17 19:50:36.327 [warning] [Decorations] CAPPING events from decorations provider vscode.git 5539
2025-02-17 19:51:09.361 [error] Error: Cannot call write after a stream was destroyed
	at errorBuffer (node:internal/streams/writable:733:33)
	at afterWrite (node:internal/streams/writable:714:5)
	at onwrite (node:internal/streams/writable:688:7)
	at WriteWrap.onWriteComplete [as oncomplete] (node:internal/stream_base_commons:88:12)
2025-02-17 19:51:09.362 [error] Error: Cannot call write after a stream was destroyed
	at errorBuffer (node:internal/streams/writable:733:33)
	at afterWrite (node:internal/streams/writable:714:5)
	at onwrite (node:internal/streams/writable:688:7)
	at WriteWrap.onWriteComplete [as oncomplete] (node:internal/stream_base_commons:88:12)
2025-02-17 19:51:09.363 [error] Error: Cannot call write after a stream was destroyed
	at errorBuffer (node:internal/streams/writable:733:33)
	at afterWrite (node:internal/streams/writable:714:5)
	at onwrite (node:internal/streams/writable:688:7)
	at WriteWrap.onWriteComplete [as oncomplete] (node:internal/stream_base_commons:88:12)
2025-02-17 19:51:09.364 [error] Error: Cannot call write after a stream was destroyed
	at errorBuffer (node:internal/streams/writable:733:33)
	at afterWrite (node:internal/streams/writable:714:5)
	at onwrite (node:internal/streams/writable:688:7)
	at WriteWrap.onWriteComplete [as oncomplete] (node:internal/stream_base_commons:88:12)
2025-02-17 19:51:16.907 [error] Error: Cannot call write after a stream was destroyed
	at errorBuffer (node:internal/streams/writable:733:33)
	at afterWrite (node:internal/streams/writable:714:5)
	at onwrite (node:internal/streams/writable:688:7)
	at WriteWrap.onWriteComplete [as oncomplete] (node:internal/stream_base_commons:88:12)
2025-02-17 19:51:26.076 [warning] [Decorations] CAPPING events from decorations provider vscode.git 5539
2025-02-17 19:51:58.317 [warning] [Decorations] CAPPING events from decorations provider vscode.git 5539
2025-02-17 19:52:04.833 [warning] [Decorations] CAPPING events from decorations provider vscode.git 5539
2025-02-17 19:52:18.697 [warning] [Decorations] CAPPING events from decorations provider vscode.git 5539
2025-02-17 19:53:36.719 [warning] [Decorations] CAPPING events from decorations provider vscode.git 5539
2025-02-17 19:53:48.734 [warning] [Decorations] CAPPING events from decorations provider vscode.git 5539
2025-02-17 19:54:05.204 [warning] [Decorations] CAPPING events from decorations provider vscode.git 5539
2025-02-17 19:54:11.607 [warning] [Decorations] CAPPING events from decorations provider vscode.git 5539
2025-02-17 19:54:21.199 [warning] [Decorations] CAPPING events from decorations provider vscode.git 5539
2025-02-17 19:54:31.585 [warning] [Decorations] CAPPING events from decorations provider vscode.git 5539
2025-02-17 19:54:37.450 [warning] [Decorations] CAPPING events from decorations provider vscode.git 5539
2025-02-17 19:54:49.077 [warning] [Decorations] CAPPING events from decorations provider vscode.git 5539
2025-02-17 19:54:57.142 [warning] [Decorations] CAPPING events from decorations provider vscode.git 5539
2025-02-17 19:55:14.903 [warning] [Decorations] CAPPING events from decorations provider vscode.git 5539
2025-02-17 19:55:20.113 [warning] [Decorations] CAPPING events from decorations provider vscode.git 5539
2025-02-17 19:55:39.250 [warning] [Decorations] CAPPING events from decorations provider vscode.git 5539
2025-02-17 19:55:51.907 [warning] [Decorations] CAPPING events from decorations provider vscode.git 5539
2025-02-17 19:56:34.771 [warning] [Decorations] CAPPING events from decorations provider vscode.git 5539
2025-02-17 19:56:56.871 [warning] [Decorations] CAPPING events from decorations provider vscode.git 5539
2025-02-17 19:57:13.933 [warning] [Decorations] CAPPING events from decorations provider vscode.git 5539
2025-02-17 19:57:20.620 [warning] [Decorations] CAPPING events from decorations provider vscode.git 5539
2025-02-17 19:57:26.635 [warning] [Decorations] CAPPING events from decorations provider vscode.git 5539
2025-02-17 19:57:31.763 [warning] [Decorations] CAPPING events from decorations provider vscode.git 5539
2025-02-17 19:57:37.130 [warning] [Decorations] CAPPING events from decorations provider vscode.git 5539
2025-02-17 19:57:42.210 [warning] [Decorations] CAPPING events from decorations provider vscode.git 5539
2025-02-17 19:57:47.319 [warning] [Decorations] CAPPING events from decorations provider vscode.git 5539
